<?xml version="1.0" encoding="UTF-8"?>
<!-- Generated by org.testng.reporters.JUnitReportReporter -->
<testsuite hostname="DESKTOP-K421QL7" name="com.Facebook.testCases.LoginPage" tests="1" failures="0" timestamp="6 Jul 2018 03:04:16 GMT" time="19.643" errors="0">
  <testcase name="ValidateLogin" time="19.643" classname="com.Facebook.testCases.LoginPage"/>
</testsuite> <!-- com.Facebook.testCases.LoginPage -->
